{"meta": {"format": 3, "version": "7.11.3", "timestamp": "2025-11-18T00:25:51.055723", "branch_coverage": false, "show_contexts": false}, "files": {"backend/Ml_model/Recommender_Models.py": {"executed_lines": [1, 5, 6, 7, 8, 9, 10, 11, 12, 15, 16, 19, 20, 21, 23, 24, 25, 26, 27, 28, 29, 30, 31, 32, 33, 35, 37, 38, 41, 54, 57, 72, 74, 75, 76, 82, 94, 95, 97, 98, 99, 101, 103, 104, 105, 107, 110, 111, 114, 115, 116, 119, 120, 122, 123, 124, 126, 127, 129, 131, 132, 133, 135, 148, 149, 151, 152, 153, 155, 157, 158, 159, 162, 169, 170, 171, 174, 175, 176, 177, 180, 181, 184, 185, 188, 189, 190, 191, 193, 197, 198, 199, 200, 202, 203, 205, 207, 208, 209, 210, 211, 213, 229, 232, 235, 239, 240, 241, 247, 248, 249, 253, 254, 255, 257, 267, 273, 275, 286, 289, 290, 291, 293, 294, 295, 297, 299, 301, 302, 303, 307, 309, 312, 313, 314, 315, 320], "summary": {"covered_lines": 136, "num_statements": 165, "percent_covered": 82.42424242424242, "percent_covered_display": "82", "missing_lines": 29, "excluded_lines": 1}, "missing_lines": [42, 43, 45, 46, 48, 49, 51, 52, 58, 59, 61, 62, 64, 65, 67, 68, 70, 78, 79, 80, 230, 261, 321, 324, 325, 326, 329, 330, 331], "excluded_lines": [319], "functions": {"RecommendationService.__init__": {"executed_lines": [25, 26, 27, 28, 29, 30, 31, 32, 33], "summary": {"covered_lines": 9, "num_statements": 9, "percent_covered": 100.0, "percent_covered_display": "100", "missing_lines": 0, "excluded_lines": 0}, "missing_lines": [], "excluded_lines": []}, "RecommendationService.load_models": {"executed_lines": [37, 38, 41, 54, 57, 72, 74, 75, 76], "summary": {"covered_lines": 9, "num_statements": 29, "percent_covered": 31.03448275862069, "percent_covered_display": "31", "missing_lines": 20, "excluded_lines": 0}, "missing_lines": [42, 43, 45, 46, 48, 49, 51, 52, 58, 59, 61, 62, 64, 65, 67, 68, 70, 78, 79, 80], "excluded_lines": []}, "RecommendationService.get_similar_articles": {"executed_lines": [94, 95, 97, 98, 99, 101, 103, 104, 105, 107, 110, 111, 114, 115, 116, 119, 120, 122, 123, 124, 126, 127, 129, 131, 132, 133], "summary": {"covered_lines": 26, "num_statements": 26, "percent_covered": 100.0, "percent_covered_display": "100", "missing_lines": 0, "excluded_lines": 0}, "missing_lines": [], "excluded_lines": []}, "RecommendationService.get_collaborative_recommendations": {"executed_lines": [148, 149, 151, 152, 153, 155, 157, 158, 159, 162, 169, 170, 171, 174, 175, 176, 177, 180, 181, 184, 185, 188, 189, 190, 191, 193, 197, 198, 199, 200, 202, 203, 205, 207, 208, 209, 210, 211], "summary": {"covered_lines": 38, "num_statements": 38, "percent_covered": 100.0, "percent_covered_display": "100", "missing_lines": 0, "excluded_lines": 0}, "missing_lines": [], "excluded_lines": []}, "RecommendationService.get_hybrid_recommendations": {"executed_lines": [229, 232, 235, 239, 240, 241, 247, 248, 249, 253, 254, 255, 257, 267, 273], "summary": {"covered_lines": 15, "num_statements": 17, "percent_covered": 88.23529411764706, "percent_covered_display": "88", "missing_lines": 2, "excluded_lines": 0}, "missing_lines": [230, 261], "excluded_lines": []}, "RecommendationService.get_trending_articles": {"executed_lines": [286, 289, 290, 291, 293, 294, 295, 297, 299, 301, 302, 303], "summary": {"covered_lines": 12, "num_statements": 12, "percent_covered": 100.0, "percent_covered_display": "100", "missing_lines": 0, "excluded_lines": 0}, "missing_lines": [], "excluded_lines": []}, "get_recommendation_service": {"executed_lines": [312, 313, 314, 315], "summary": {"covered_lines": 4, "num_statements": 4, "percent_covered": 100.0, "percent_covered_display": "100", "missing_lines": 0, "excluded_lines": 0}, "missing_lines": [], "excluded_lines": []}, "": {"executed_lines": [1, 5, 6, 7, 8, 9, 10, 11, 12, 15, 16, 19, 20, 21, 23, 24, 35, 82, 135, 213, 275, 307, 309, 320], "summary": {"covered_lines": 23, "num_statements": 30, "percent_covered": 76.66666666666667, "percent_covered_display": "77", "missing_lines": 7, "excluded_lines": 1}, "missing_lines": [321, 324, 325, 326, 329, 330, 331], "excluded_lines": [319]}}, "classes": {"RecommendationService": {"executed_lines": [25, 26, 27, 28, 29, 30, 31, 32, 33, 37, 38, 41, 54, 57, 72, 74, 75, 76, 94, 95, 97, 98, 99, 101, 103, 104, 105, 107, 110, 111, 114, 115, 116, 119, 120, 122, 123, 124, 126, 127, 129, 131, 132, 133, 148, 149, 151, 152, 153, 155, 157, 158, 159, 162, 169, 170, 171, 174, 175, 176, 177, 180, 181, 184, 185, 188, 189, 190, 191, 193, 197, 198, 199, 200, 202, 203, 205, 207, 208, 209, 210, 211, 229, 232, 235, 239, 240, 241, 247, 248, 249, 253, 254, 255, 257, 267, 273, 286, 289, 290, 291, 293, 294, 295, 297, 299, 301, 302, 303], "summary": {"covered_lines": 109, "num_statements": 131, "percent_covered": 83.20610687022901, "percent_covered_display": "83", "missing_lines": 22, "excluded_lines": 0}, "missing_lines": [42, 43, 45, 46, 48, 49, 51, 52, 58, 59, 61, 62, 64, 65, 67, 68, 70, 78, 79, 80, 230, 261], "excluded_lines": []}, "": {"executed_lines": [1, 5, 6, 7, 8, 9, 10, 11, 12, 15, 16, 19, 20, 21, 23, 24, 35, 82, 135, 213, 275, 307, 309, 312, 313, 314, 315, 320], "summary": {"covered_lines": 27, "num_statements": 34, "percent_covered": 79.41176470588235, "percent_covered_display": "79", "missing_lines": 7, "excluded_lines": 1}, "missing_lines": [321, 324, 325, 326, 329, 330, 331], "excluded_lines": [319]}}}, "backend/Ml_model/Retrain_scheduler.py": {"executed_lines": [], "summary": {"covered_lines": 0, "num_statements": 83, "percent_covered": 0.0, "percent_covered_display": "0", "missing_lines": 83, "excluded_lines": 0}, "missing_lines": [5, 6, 7, 8, 9, 10, 11, 14, 16, 17, 20, 28, 31, 32, 33, 34, 36, 38, 39, 40, 42, 44, 46, 47, 50, 51, 52, 55, 58, 60, 61, 62, 63, 65, 67, 68, 69, 71, 73, 74, 75, 77, 81, 82, 83, 85, 86, 87, 89, 91, 92, 94, 95, 96, 97, 98, 99, 102, 104, 107, 109, 110, 111, 112, 114, 115, 116, 117, 118, 120, 121, 122, 123, 124, 127, 128, 129, 132, 133, 134, 137, 140, 141], "excluded_lines": [], "functions": {"RetrainingScheduler.__init__": {"executed_lines": [], "summary": {"covered_lines": 0, "num_statements": 2, "percent_covered": 0.0, "percent_covered_display": "0", "missing_lines": 2, "excluded_lines": 0}, "missing_lines": [33, 34], "excluded_lines": []}, "RetrainingScheduler.retrain_models": {"executed_lines": [], "summary": {"covered_lines": 0, "num_statements": 16, "percent_covered": 0.0, "percent_covered_display": "0", "missing_lines": 16, "excluded_lines": 0}, "missing_lines": [38, 39, 40, 42, 44, 46, 47, 50, 51, 52, 55, 58, 60, 61, 62, 63], "excluded_lines": []}, "RetrainingScheduler.run_daily": {"executed_lines": [], "summary": {"covered_lines": 0, "num_statements": 3, "percent_covered": 0.0, "percent_covered_display": "0", "missing_lines": 3, "excluded_lines": 0}, "missing_lines": [67, 68, 69], "excluded_lines": []}, "RetrainingScheduler.run_weekly": {"executed_lines": [], "summary": {"covered_lines": 0, "num_statements": 3, "percent_covered": 0.0, "percent_covered_display": "0", "missing_lines": 3, "excluded_lines": 0}, "missing_lines": [73, 74, 75], "excluded_lines": []}, "RetrainingScheduler.run_monthly": {"executed_lines": [], "summary": {"covered_lines": 0, "num_statements": 4, "percent_covered": 0.0, "percent_covered_display": "0", "missing_lines": 4, "excluded_lines": 0}, "missing_lines": [81, 85, 86, 87], "excluded_lines": []}, "RetrainingScheduler.run_monthly.monthly_job": {"executed_lines": [], "summary": {"covered_lines": 0, "num_statements": 2, "percent_covered": 0.0, "percent_covered_display": "0", "missing_lines": 2, "excluded_lines": 0}, "missing_lines": [82, 83], "excluded_lines": []}, "RetrainingScheduler.start": {"executed_lines": [], "summary": {"covered_lines": 0, "num_statements": 8, "percent_covered": 0.0, "percent_covered_display": "0", "missing_lines": 8, "excluded_lines": 0}, "missing_lines": [91, 92, 94, 95, 96, 97, 98, 99], "excluded_lines": []}, "main": {"executed_lines": [], "summary": {"covered_lines": 0, "num_statements": 23, "percent_covered": 0.0, "percent_covered_display": "0", "missing_lines": 23, "excluded_lines": 0}, "missing_lines": [104, 107, 109, 110, 111, 112, 114, 115, 116, 117, 118, 120, 121, 122, 123, 124, 127, 128, 129, 132, 133, 134, 137], "excluded_lines": []}, "": {"executed_lines": [], "summary": {"covered_lines": 0, "num_statements": 22, "percent_covered": 0.0, "percent_covered_display": "0", "missing_lines": 22, "excluded_lines": 0}, "missing_lines": [5, 6, 7, 8, 9, 10, 11, 14, 16, 17, 20, 28, 31, 32, 36, 65, 71, 77, 89, 102, 140, 141], "excluded_lines": []}}, "classes": {"RetrainingScheduler": {"executed_lines": [], "summary": {"covered_lines": 0, "num_statements": 38, "percent_covered": 0.0, "percent_covered_display": "0", "missing_lines": 38, "excluded_lines": 0}, "missing_lines": [33, 34, 38, 39, 40, 42, 44, 46, 47, 50, 51, 52, 55, 58, 60, 61, 62, 63, 67, 68, 69, 73, 74, 75, 81, 82, 83, 85, 86, 87, 91, 92, 94, 95, 96, 97, 98, 99], "excluded_lines": []}, "": {"executed_lines": [], "summary": {"covered_lines": 0, "num_statements": 45, "percent_covered": 0.0, "percent_covered_display": "0", "missing_lines": 45, "excluded_lines": 0}, "missing_lines": [5, 6, 7, 8, 9, 10, 11, 14, 16, 17, 20, 28, 31, 32, 36, 65, 71, 77, 89, 102, 104, 107, 109, 110, 111, 112, 114, 115, 116, 117, 118, 120, 121, 122, 123, 124, 127, 128, 129, 132, 133, 134, 137, 140, 141], "excluded_lines": []}}}, "backend/Ml_model/Train_modules.py": {"executed_lines": [], "summary": {"covered_lines": 0, "num_statements": 186, "percent_covered": 0.0, "percent_covered_display": "0", "missing_lines": 186, "excluded_lines": 0}, "missing_lines": [5, 6, 7, 8, 9, 10, 11, 12, 13, 14, 15, 18, 22, 25, 26, 27, 28, 31, 32, 34, 35, 36, 37, 38, 39, 40, 41, 42, 44, 46, 48, 49, 51, 54, 55, 69, 70, 73, 74, 84, 85, 87, 90, 91, 93, 95, 96, 97, 98, 100, 102, 103, 104, 106, 107, 108, 110, 111, 113, 114, 115, 117, 119, 121, 122, 123, 125, 127, 128, 129, 131, 133, 134, 141, 142, 152, 153, 156, 157, 158, 161, 167, 168, 169, 171, 172, 174, 175, 178, 179, 181, 182, 184, 185, 186, 187, 188, 190, 192, 193, 194, 196, 197, 198, 200, 202, 204, 207, 208, 211, 212, 215, 216, 219, 221, 222, 223, 224, 226, 228, 229, 232, 237, 244, 248, 249, 250, 252, 255, 256, 257, 263, 266, 267, 273, 276, 277, 278, 281, 285, 292, 298, 301, 302, 303, 305, 306, 308, 309, 311, 312, 314, 315, 317, 318, 319, 320, 321, 323, 325, 333, 334, 335, 337, 339, 340, 343, 344, 345, 348, 351, 354, 356, 357, 358, 359, 360, 361, 363, 364, 367, 369, 370, 371, 374, 375], "excluded_lines": [], "functions": {"ModelTrainer.__init__": {"executed_lines": [], "summary": {"covered_lines": 0, "num_statements": 7, "percent_covered": 0.0, "percent_covered_display": "0", "missing_lines": 7, "excluded_lines": 0}, "missing_lines": [36, 37, 38, 39, 40, 41, 42], "excluded_lines": []}, "ModelTrainer.load_data_from_db": {"executed_lines": [], "summary": {"covered_lines": 0, "num_statements": 20, "percent_covered": 0.0, "percent_covered_display": "0", "missing_lines": 20, "excluded_lines": 0}, "missing_lines": [46, 48, 49, 51, 54, 55, 69, 70, 73, 74, 84, 85, 87, 90, 91, 93, 95, 96, 97, 98], "excluded_lines": []}, "ModelTrainer.load_data_from_csv": {"executed_lines": [], "summary": {"covered_lines": 0, "num_statements": 16, "percent_covered": 0.0, "percent_covered_display": "0", "missing_lines": 16, "excluded_lines": 0}, "missing_lines": [102, 103, 104, 106, 107, 108, 110, 111, 113, 114, 115, 117, 119, 121, 122, 123], "excluded_lines": []}, "ModelTrainer.train_content_based_model": {"executed_lines": [], "summary": {"covered_lines": 0, "num_statements": 30, "percent_covered": 0.0, "percent_covered_display": "0", "missing_lines": 30, "excluded_lines": 0}, "missing_lines": [127, 128, 129, 131, 133, 134, 141, 142, 152, 153, 156, 157, 158, 161, 167, 168, 169, 171, 172, 174, 175, 178, 179, 181, 182, 184, 185, 186, 187, 188], "excluded_lines": []}, "ModelTrainer.train_collaborative_model": {"executed_lines": [], "summary": {"covered_lines": 0, "num_statements": 48, "percent_covered": 0.0, "percent_covered_display": "0", "missing_lines": 48, "excluded_lines": 0}, "missing_lines": [192, 193, 194, 196, 197, 198, 200, 202, 204, 228, 229, 232, 237, 244, 248, 249, 250, 252, 255, 256, 257, 263, 266, 267, 273, 276, 277, 278, 281, 285, 292, 298, 301, 302, 303, 305, 306, 308, 309, 311, 312, 314, 315, 317, 318, 319, 320, 321], "excluded_lines": []}, "ModelTrainer.train_collaborative_model.clean_array_column": {"executed_lines": [], "summary": {"covered_lines": 0, "num_statements": 12, "percent_covered": 0.0, "percent_covered_display": "0", "missing_lines": 12, "excluded_lines": 0}, "missing_lines": [207, 208, 211, 212, 215, 216, 219, 221, 222, 223, 224, 226], "excluded_lines": []}, "ModelTrainer.save_metadata": {"executed_lines": [], "summary": {"covered_lines": 0, "num_statements": 4, "percent_covered": 0.0, "percent_covered_display": "0", "missing_lines": 4, "excluded_lines": 0}, "missing_lines": [325, 333, 334, 335], "excluded_lines": []}, "ModelTrainer.train_all": {"executed_lines": [], "summary": {"covered_lines": 0, "num_statements": 16, "percent_covered": 0.0, "percent_covered_display": "0", "missing_lines": 16, "excluded_lines": 0}, "missing_lines": [339, 340, 343, 344, 345, 348, 351, 354, 356, 357, 358, 359, 360, 361, 363, 364], "excluded_lines": []}, "main": {"executed_lines": [], "summary": {"covered_lines": 0, "num_statements": 3, "percent_covered": 0.0, "percent_covered_display": "0", "missing_lines": 3, "excluded_lines": 0}, "missing_lines": [369, 370, 371], "excluded_lines": []}, "": {"executed_lines": [], "summary": {"covered_lines": 0, "num_statements": 30, "percent_covered": 0.0, "percent_covered_display": "0", "missing_lines": 30, "excluded_lines": 0}, "missing_lines": [5, 6, 7, 8, 9, 10, 11, 12, 13, 14, 15, 18, 22, 25, 26, 27, 28, 31, 32, 34, 35, 44, 100, 125, 190, 323, 337, 367, 374, 375], "excluded_lines": []}}, "classes": {"ModelTrainer": {"executed_lines": [], "summary": {"covered_lines": 0, "num_statements": 153, "percent_covered": 0.0, "percent_covered_display": "0", "missing_lines": 153, "excluded_lines": 0}, "missing_lines": [36, 37, 38, 39, 40, 41, 42, 46, 48, 49, 51, 54, 55, 69, 70, 73, 74, 84, 85, 87, 90, 91, 93, 95, 96, 97, 98, 102, 103, 104, 106, 107, 108, 110, 111, 113, 114, 115, 117, 119, 121, 122, 123, 127, 128, 129, 131, 133, 134, 141, 142, 152, 153, 156, 157, 158, 161, 167, 168, 169, 171, 172, 174, 175, 178, 179, 181, 182, 184, 185, 186, 187, 188, 192, 193, 194, 196, 197, 198, 200, 202, 204, 207, 208, 211, 212, 215, 216, 219, 221, 222, 223, 224, 226, 228, 229, 232, 237, 244, 248, 249, 250, 252, 255, 256, 257, 263, 266, 267, 273, 276, 277, 278, 281, 285, 292, 298, 301, 302, 303, 305, 306, 308, 309, 311, 312, 314, 315, 317, 318, 319, 320, 321, 325, 333, 334, 335, 339, 340, 343, 344, 345, 348, 351, 354, 356, 357, 358, 359, 360, 361, 363, 364], "excluded_lines": []}, "": {"executed_lines": [], "summary": {"covered_lines": 0, "num_statements": 33, "percent_covered": 0.0, "percent_covered_display": "0", "missing_lines": 33, "excluded_lines": 0}, "missing_lines": [5, 6, 7, 8, 9, 10, 11, 12, 13, 14, 15, 18, 22, 25, 26, 27, 28, 31, 32, 34, 35, 44, 100, 125, 190, 323, 337, 367, 369, 370, 371, 374, 375], "excluded_lines": []}}}, "backend/Ml_model/__init__.py": {"executed_lines": [0], "summary": {"covered_lines": 0, "num_statements": 0, "percent_covered": 100.0, "percent_covered_display": "100", "missing_lines": 0, "excluded_lines": 0}, "missing_lines": [], "excluded_lines": [], "functions": {"": {"executed_lines": [], "summary": {"covered_lines": 0, "num_statements": 0, "percent_covered": 100.0, "percent_covered_display": "100", "missing_lines": 0, "excluded_lines": 0}, "missing_lines": [], "excluded_lines": []}}, "classes": {"": {"executed_lines": [], "summary": {"covered_lines": 0, "num_statements": 0, "percent_covered": 100.0, "percent_covered_display": "100", "missing_lines": 0, "excluded_lines": 0}, "missing_lines": [], "excluded_lines": []}}}, "backend/Ml_model/api_server.py": {"executed_lines": [1, 5, 6, 7, 8, 9, 10, 13, 15, 16, 20, 24, 27, 29, 32, 33, 34, 35, 36, 39, 42, 43, 46, 48, 51, 52, 53, 57, 60, 61, 64, 65, 75, 76, 123, 124, 184, 185, 227, 228, 262, 263, 279, 280, 312], "summary": {"covered_lines": 44, "num_statements": 136, "percent_covered": 32.35294117647059, "percent_covered_display": "32", "missing_lines": 92, "excluded_lines": 0}, "missing_lines": [67, 81, 82, 83, 86, 87, 89, 90, 91, 99, 106, 108, 115, 116, 117, 129, 130, 131, 132, 135, 136, 138, 139, 140, 149, 150, 157, 158, 166, 168, 176, 177, 178, 190, 191, 192, 195, 196, 198, 199, 205, 211, 213, 219, 220, 221, 230, 231, 232, 233, 235, 236, 237, 242, 243, 244, 249, 254, 255, 256, 265, 266, 267, 271, 272, 273, 282, 283, 285, 291, 292, 293, 294, 295, 296, 297, 299, 304, 305, 306, 313, 314, 316, 318, 319, 320, 321, 322, 323, 324, 325, 327], "excluded_lines": [], "functions": {"create_app": {"executed_lines": [29, 32, 33, 34, 35, 36, 39, 42, 43, 46, 48], "summary": {"covered_lines": 11, "num_statements": 11, "percent_covered": 100.0, "percent_covered_display": "100", "missing_lines": 0, "excluded_lines": 0}, "missing_lines": [], "excluded_lines": []}, "register_routes": {"executed_lines": [52, 53], "summary": {"covered_lines": 2, "num_statements": 2, "percent_covered": 100.0, "percent_covered_display": "100", "missing_lines": 0, "excluded_lines": 0}, "missing_lines": [], "excluded_lines": []}, "health_check": {"executed_lines": [], "summary": {"covered_lines": 0, "num_statements": 1, "percent_covered": 0.0, "percent_covered_display": "0", "missing_lines": 1, "excluded_lines": 0}, "missing_lines": [67], "excluded_lines": []}, "get_similar_articles": {"executed_lines": [], "summary": {"covered_lines": 0, "num_statements": 14, "percent_covered": 0.0, "percent_covered_display": "0", "missing_lines": 14, "excluded_lines": 0}, "missing_lines": [81, 82, 83, 86, 87, 89, 90, 91, 99, 106, 108, 115, 116, 117], "excluded_lines": []}, "get_personalized_recommendations": {"executed_lines": [], "summary": {"covered_lines": 0, "num_statements": 18, "percent_covered": 0.0, "percent_covered_display": "0", "missing_lines": 18, "excluded_lines": 0}, "missing_lines": [129, 130, 131, 132, 135, 136, 138, 139, 140, 149, 150, 157, 158, 166, 168, 176, 177, 178], "excluded_lines": []}, "get_trending": {"executed_lines": [], "summary": {"covered_lines": 0, "num_statements": 13, "percent_covered": 0.0, "percent_covered_display": "0", "missing_lines": 13, "excluded_lines": 0}, "missing_lines": [190, 191, 192, 195, 196, 198, 199, 205, 211, 213, 219, 220, 221], "excluded_lines": []}, "clear_cache": {"executed_lines": [], "summary": {"covered_lines": 0, "num_statements": 14, "percent_covered": 0.0, "percent_covered_display": "0", "missing_lines": 14, "excluded_lines": 0}, "missing_lines": [230, 231, 232, 233, 235, 236, 237, 242, 243, 244, 249, 254, 255, 256], "excluded_lines": []}, "get_cache_stats": {"executed_lines": [], "summary": {"covered_lines": 0, "num_statements": 6, "percent_covered": 0.0, "percent_covered_display": "0", "missing_lines": 6, "excluded_lines": 0}, "missing_lines": [265, 266, 267, 271, 272, 273], "excluded_lines": []}, "get_models_info": {"executed_lines": [], "summary": {"covered_lines": 0, "num_statements": 14, "percent_covered": 0.0, "percent_covered_display": "0", "missing_lines": 14, "excluded_lines": 0}, "missing_lines": [282, 283, 285, 291, 292, 293, 294, 295, 296, 297, 299, 304, 305, 306], "excluded_lines": []}, "": {"executed_lines": [1, 5, 6, 7, 8, 9, 10, 13, 15, 16, 20, 24, 27, 51, 57, 60, 61, 64, 65, 75, 76, 123, 124, 184, 185, 227, 228, 262, 263, 279, 280, 312], "summary": {"covered_lines": 31, "num_statements": 43, "percent_covered": 72.09302325581395, "percent_covered_display": "72", "missing_lines": 12, "excluded_lines": 0}, "missing_lines": [313, 314, 316, 318, 319, 320, 321, 322, 323, 324, 325, 327], "excluded_lines": []}}, "classes": {"": {"executed_lines": [1, 5, 6, 7, 8, 9, 10, 13, 15, 16, 20, 24, 27, 29, 32, 33, 34, 35, 36, 39, 42, 43, 46, 48, 51, 52, 53, 57, 60, 61, 64, 65, 75, 76, 123, 124, 184, 185, 227, 228, 262, 263, 279, 280, 312], "summary": {"covered_lines": 44, "num_statements": 136, "percent_covered": 32.35294117647059, "percent_covered_display": "32", "missing_lines": 92, "excluded_lines": 0}, "missing_lines": [67, 81, 82, 83, 86, 87, 89, 90, 91, 99, 106, 108, 115, 116, 117, 129, 130, 131, 132, 135, 136, 138, 139, 140, 149, 150, 157, 158, 166, 168, 176, 177, 178, 190, 191, 192, 195, 196, 198, 199, 205, 211, 213, 219, 220, 221, 230, 231, 232, 233, 235, 236, 237, 242, 243, 244, 249, 254, 255, 256, 265, 266, 267, 271, 272, 273, 282, 283, 285, 291, 292, 293, 294, 295, 296, 297, 299, 304, 305, 306, 313, 314, 316, 318, 319, 320, 321, 322, 323, 324, 325, 327], "excluded_lines": []}}}, "backend/Ml_model/cache_manager.py": {"executed_lines": [1, 5, 6, 7, 8, 9, 10, 12, 14, 15, 16, 17, 18, 20, 22, 23, 24, 25, 26, 28, 39, 40, 41, 43, 44, 45, 47, 49, 50, 52, 53, 54, 55, 56, 57, 58, 59, 61, 63, 64, 66, 67, 68, 69, 70, 71, 72, 74, 76, 77, 79, 80, 81, 82, 83, 84, 86, 88, 89, 91, 92, 93, 94, 95, 96, 97, 98, 100, 102, 106, 107, 109, 111, 113, 115, 116, 118, 119, 120, 129, 130, 131, 135, 137, 140, 141, 142, 145, 155, 156, 157, 158, 161, 162, 163, 164, 167, 168, 169, 170, 173, 174, 175, 177, 179, 180, 184], "summary": {"covered_lines": 106, "num_statements": 118, "percent_covered": 89.83050847457628, "percent_covered_display": "90", "missing_lines": 12, "excluded_lines": 0}, "missing_lines": [185, 188, 189, 190, 193, 194, 195, 196, 198, 199, 202, 203], "excluded_lines": [], "functions": {"CacheManager.__init__": {"executed_lines": [16, 17, 18], "summary": {"covered_lines": 3, "num_statements": 3, "percent_covered": 100.0, "percent_covered_display": "100", "missing_lines": 0, "excluded_lines": 0}, "missing_lines": [], "excluded_lines": []}, "CacheManager.connect": {"executed_lines": [22, 23, 24, 25, 26, 28, 39, 40, 41, 43, 44, 45], "summary": {"covered_lines": 12, "num_statements": 12, "percent_covered": 100.0, "percent_covered_display": "100", "missing_lines": 0, "excluded_lines": 0}, "missing_lines": [], "excluded_lines": []}, "CacheManager.get": {"executed_lines": [49, 50, 52, 53, 54, 55, 56, 57, 58, 59], "summary": {"covered_lines": 10, "num_statements": 10, "percent_covered": 100.0, "percent_covered_display": "100", "missing_lines": 0, "excluded_lines": 0}, "missing_lines": [], "excluded_lines": []}, "CacheManager.set": {"executed_lines": [63, 64, 66, 67, 68, 69, 70, 71, 72], "summary": {"covered_lines": 9, "num_statements": 9, "percent_covered": 100.0, "percent_covered_display": "100", "missing_lines": 0, "excluded_lines": 0}, "missing_lines": [], "excluded_lines": []}, "CacheManager.delete": {"executed_lines": [76, 77, 79, 80, 81, 82, 83, 84], "summary": {"covered_lines": 8, "num_statements": 8, "percent_covered": 100.0, "percent_covered_display": "100", "missing_lines": 0, "excluded_lines": 0}, "missing_lines": [], "excluded_lines": []}, "CacheManager.delete_pattern": {"executed_lines": [88, 89, 91, 92, 93, 94, 95, 96, 97, 98], "summary": {"covered_lines": 10, "num_statements": 10, "percent_covered": 100.0, "percent_covered_display": "100", "missing_lines": 0, "excluded_lines": 0}, "missing_lines": [], "excluded_lines": []}, "CacheManager.clear_user_cache": {"executed_lines": [102, 106, 107], "summary": {"covered_lines": 3, "num_statements": 3, "percent_covered": 100.0, "percent_covered_display": "100", "missing_lines": 0, "excluded_lines": 0}, "missing_lines": [], "excluded_lines": []}, "CacheManager.clear_article_cache": {"executed_lines": [111], "summary": {"covered_lines": 1, "num_statements": 1, "percent_covered": 100.0, "percent_covered_display": "100", "missing_lines": 0, "excluded_lines": 0}, "missing_lines": [], "excluded_lines": []}, "CacheManager.get_cache_stats": {"executed_lines": [115, 116, 118, 119, 120, 129, 130, 131], "summary": {"covered_lines": 8, "num_statements": 8, "percent_covered": 100.0, "percent_covered_display": "100", "missing_lines": 0, "excluded_lines": 0}, "missing_lines": [], "excluded_lines": []}, "get_cache_manager": {"executed_lines": [140, 141, 142], "summary": {"covered_lines": 3, "num_statements": 3, "percent_covered": 100.0, "percent_covered_display": "100", "missing_lines": 0, "excluded_lines": 0}, "missing_lines": [], "excluded_lines": []}, "cached": {"executed_lines": [155, 156, 180], "summary": {"covered_lines": 3, "num_statements": 3, "percent_covered": 100.0, "percent_covered_display": "100", "missing_lines": 0, "excluded_lines": 0}, "missing_lines": [], "excluded_lines": []}, "cached.decorator": {"executed_lines": [157, 179], "summary": {"covered_lines": 2, "num_statements": 2, "percent_covered": 100.0, "percent_covered_display": "100", "missing_lines": 0, "excluded_lines": 0}, "missing_lines": [], "excluded_lines": []}, "cached.decorator.wrapper": {"executed_lines": [158, 161, 162, 163, 164, 167, 168, 169, 170, 173, 174, 175, 177], "summary": {"covered_lines": 13, "num_statements": 13, "percent_covered": 100.0, "percent_covered_display": "100", "missing_lines": 0, "excluded_lines": 0}, "missing_lines": [], "excluded_lines": []}, "expensive_computation": {"executed_lines": [], "summary": {"covered_lines": 0, "num_statements": 2, "percent_covered": 0.0, "percent_covered_display": "0", "missing_lines": 2, "excluded_lines": 0}, "missing_lines": [195, 196], "excluded_lines": []}, "": {"executed_lines": [1, 5, 6, 7, 8, 9, 10, 12, 14, 15, 20, 47, 61, 74, 86, 100, 109, 113, 135, 137, 145, 184], "summary": {"covered_lines": 21, "num_statements": 31, "percent_covered": 67.74193548387096, "percent_covered_display": "68", "missing_lines": 10, "excluded_lines": 0}, "missing_lines": [185, 188, 189, 190, 193, 194, 198, 199, 202, 203], "excluded_lines": []}}, "classes": {"CacheManager": {"executed_lines": [16, 17, 18, 22, 23, 24, 25, 26, 28, 39, 40, 41, 43, 44, 45, 49, 50, 52, 53, 54, 55, 56, 57, 58, 59, 63, 64, 66, 67, 68, 69, 70, 71, 72, 76, 77, 79, 80, 81, 82, 83, 84, 88, 89, 91, 92, 93, 94, 95, 96, 97, 98, 102, 106, 107, 111, 115, 116, 118, 119, 120, 129, 130, 131], "summary": {"covered_lines": 64, "num_statements": 64, "percent_covered": 100.0, "percent_covered_display": "100", "missing_lines": 0, "excluded_lines": 0}, "missing_lines": [], "excluded_lines": []}, "": {"executed_lines": [1, 5, 6, 7, 8, 9, 10, 12, 14, 15, 20, 47, 61, 74, 86, 100, 109, 113, 135, 137, 140, 141, 142, 145, 155, 156, 157, 158, 161, 162, 163, 164, 167, 168, 169, 170, 173, 174, 175, 177, 179, 180, 184], "summary": {"covered_lines": 42, "num_statements": 54, "percent_covered": 77.77777777777777, "percent_covered_display": "78", "missing_lines": 12, "excluded_lines": 0}, "missing_lines": [185, 188, 189, 190, 193, 194, 195, 196, 198, 199, 202, 203], "excluded_lines": []}}}, "backend/__init__.py": {"executed_lines": [0], "summary": {"covered_lines": 0, "num_statements": 0, "percent_covered": 100.0, "percent_covered_display": "100", "missing_lines": 0, "excluded_lines": 0}, "missing_lines": [], "excluded_lines": [], "functions": {"": {"executed_lines": [], "summary": {"covered_lines": 0, "num_statements": 0, "percent_covered": 100.0, "percent_covered_display": "100", "missing_lines": 0, "excluded_lines": 0}, "missing_lines": [], "excluded_lines": []}}, "classes": {"": {"executed_lines": [], "summary": {"covered_lines": 0, "num_statements": 0, "percent_covered": 100.0, "percent_covered_display": "100", "missing_lines": 0, "excluded_lines": 0}, "missing_lines": [], "excluded_lines": []}}}, "backend/__tests__/test_api_server.py": {"executed_lines": [2, 3, 4, 5, 6, 7, 10, 12, 13, 14, 17, 18, 20, 21, 22, 25, 26, 27, 29, 30, 31, 33, 34, 35, 36, 37, 40, 41, 42, 43, 45, 46, 47, 48, 49, 50, 53, 54, 59, 60, 64, 65, 66, 69, 70, 71, 74, 75, 77, 78, 85, 86, 88, 90, 91, 97, 98, 100, 102, 103, 111, 112, 114, 116, 117, 123, 124, 125, 126, 127, 133, 134, 135, 136, 138, 139, 146, 147, 148, 150, 151, 154, 162, 163, 165, 166, 172, 173, 174, 176, 177, 183, 184, 185, 186, 188, 189, 195, 196, 198, 199, 200, 207, 208, 209, 210, 211, 218, 219, 220, 221, 222, 227, 228, 229, 230, 231, 237, 238, 240, 241, 243, 252, 254, 255, 256, 257, 258, 259, 261, 262, 263, 272, 274, 275, 276, 277, 278, 281, 282, 284, 285, 286, 298, 300, 302, 303, 304, 305, 307, 308], "summary": {"covered_lines": 151, "num_statements": 216, "percent_covered": 69.9074074074074, "percent_covered_display": "70", "missing_lines": 65, "excluded_lines": 0}, "missing_lines": [79, 80, 81, 82, 92, 93, 94, 104, 105, 106, 108, 118, 119, 120, 128, 129, 130, 140, 141, 142, 143, 155, 156, 157, 158, 159, 167, 168, 169, 178, 179, 180, 190, 191, 192, 201, 202, 203, 204, 212, 213, 214, 215, 223, 224, 232, 233, 234, 244, 245, 246, 247, 248, 249, 264, 265, 266, 269, 287, 288, 289, 292, 293, 294, 295], "excluded_lines": [], "functions": {"clear_env_vars": {"executed_lines": [20, 21, 22], "summary": {"covered_lines": 3, "num_statements": 3, "percent_covered": 100.0, "percent_covered_display": "100", "missing_lines": 0, "excluded_lines": 0}, "missing_lines": [], "excluded_lines": []}, "fake_recommendation_service": {"executed_lines": [27, 29, 30, 31, 33, 34, 35, 36, 37], "summary": {"covered_lines": 9, "num_statements": 9, "percent_covered": 100.0, "percent_covered_display": "100", "missing_lines": 0, "excluded_lines": 0}, "missing_lines": [], "excluded_lines": []}, "fake_cache_manager": {"executed_lines": [42, 43, 45, 46, 47, 48, 49, 50], "summary": {"covered_lines": 8, "num_statements": 8, "percent_covered": 100.0, "percent_covered_display": "100", "missing_lines": 0, "excluded_lines": 0}, "missing_lines": [], "excluded_lines": []}, "app": {"executed_lines": [59, 60, 64, 65, 66, 69, 70, 71], "summary": {"covered_lines": 8, "num_statements": 8, "percent_covered": 100.0, "percent_covered_display": "100", "missing_lines": 0, "excluded_lines": 0}, "missing_lines": [], "excluded_lines": []}, "test_health_endpoint": {"executed_lines": [75, 77, 78], "summary": {"covered_lines": 3, "num_statements": 7, "percent_covered": 42.857142857142854, "percent_covered_display": "43", "missing_lines": 4, "excluded_lines": 0}, "missing_lines": [79, 80, 81, 82], "excluded_lines": []}, "test_get_similar_articles_cache_hit": {"executed_lines": [86, 88, 90, 91], "summary": {"covered_lines": 4, "num_statements": 7, "percent_covered": 57.142857142857146, "percent_covered_display": "57", "missing_lines": 3, "excluded_lines": 0}, "missing_lines": [92, 93, 94], "excluded_lines": []}, "test_get_similar_articles_cache_miss_and_set": {"executed_lines": [98, 100, 102, 103], "summary": {"covered_lines": 4, "num_statements": 8, "percent_covered": 50.0, "percent_covered_display": "50", "missing_lines": 4, "excluded_lines": 0}, "missing_lines": [104, 105, 106, 108], "excluded_lines": []}, "test_get_similar_articles_exception": {"executed_lines": [112, 114, 116, 117], "summary": {"covered_lines": 4, "num_statements": 7, "percent_covered": 57.142857142857146, "percent_covered_display": "57", "missing_lines": 3, "excluded_lines": 0}, "missing_lines": [118, 119, 120], "excluded_lines": []}, "test_get_personalized_collaborative_cache_hit": {"executed_lines": [124, 125, 126, 127], "summary": {"covered_lines": 4, "num_statements": 7, "percent_covered": 57.142857142857146, "percent_covered_display": "57", "missing_lines": 3, "excluded_lines": 0}, "missing_lines": [128, 129, 130], "excluded_lines": []}, "test_get_personalized_collaborative_miss": {"executed_lines": [134, 135, 136, 138, 139], "summary": {"covered_lines": 5, "num_statements": 9, "percent_covered": 55.55555555555556, "percent_covered_display": "56", "missing_lines": 4, "excluded_lines": 0}, "missing_lines": [140, 141, 142, 143], "excluded_lines": []}, "test_get_personalized_hybrid_with_request_body": {"executed_lines": [147, 148, 150, 151, 154], "summary": {"covered_lines": 5, "num_statements": 10, "percent_covered": 50.0, "percent_covered_display": "50", "missing_lines": 5, "excluded_lines": 0}, "missing_lines": [155, 156, 157, 158, 159], "excluded_lines": []}, "test_get_personalized_hybrid_no_json": {"executed_lines": [163, 165, 166], "summary": {"covered_lines": 3, "num_statements": 6, "percent_covered": 50.0, "percent_covered_display": "50", "missing_lines": 3, "excluded_lines": 0}, "missing_lines": [167, 168, 169], "excluded_lines": []}, "test_get_trending_cache_hit": {"executed_lines": [173, 174, 176, 177], "summary": {"covered_lines": 4, "num_statements": 7, "percent_covered": 57.142857142857146, "percent_covered_display": "57", "missing_lines": 3, "excluded_lines": 0}, "missing_lines": [178, 179, 180], "excluded_lines": []}, "test_get_trending_cache_miss": {"executed_lines": [184, 185, 186, 188, 189], "summary": {"covered_lines": 5, "num_statements": 8, "percent_covered": 62.5, "percent_covered_display": "62", "missing_lines": 3, "excluded_lines": 0}, "missing_lines": [190, 191, 192], "excluded_lines": []}, "test_clear_cache_user": {"executed_lines": [196, 198, 199, 200], "summary": {"covered_lines": 4, "num_statements": 8, "percent_covered": 50.0, "percent_covered_display": "50", "missing_lines": 4, "excluded_lines": 0}, "missing_lines": [201, 202, 203, 204], "excluded_lines": []}, "test_clear_cache_article": {"executed_lines": [208, 209, 210, 211], "summary": {"covered_lines": 4, "num_statements": 8, "percent_covered": 50.0, "percent_covered_display": "50", "missing_lines": 4, "excluded_lines": 0}, "missing_lines": [212, 213, 214, 215], "excluded_lines": []}, "test_clear_cache_missing_params": {"executed_lines": [219, 220, 221, 222], "summary": {"covered_lines": 4, "num_statements": 6, "percent_covered": 66.66666666666667, "percent_covered_display": "67", "missing_lines": 2, "excluded_lines": 0}, "missing_lines": [223, 224], "excluded_lines": []}, "test_get_cache_stats": {"executed_lines": [228, 229, 230, 231], "summary": {"covered_lines": 4, "num_statements": 7, "percent_covered": 57.142857142857146, "percent_covered_display": "57", "missing_lines": 3, "excluded_lines": 0}, "missing_lines": [232, 233, 234], "excluded_lines": []}, "test_get_models_info_no_metadata": {"executed_lines": [238, 240, 241, 243], "summary": {"covered_lines": 4, "num_statements": 10, "percent_covered": 40.0, "percent_covered_display": "40", "missing_lines": 6, "excluded_lines": 0}, "missing_lines": [244, 245, 246, 247, 248, 249], "excluded_lines": []}, "test_get_models_info_with_metadata": {"executed_lines": [254, 255, 256, 257, 258, 259, 261, 262, 263], "summary": {"covered_lines": 9, "num_statements": 13, "percent_covered": 69.23076923076923, "percent_covered_display": "69", "missing_lines": 4, "excluded_lines": 0}, "missing_lines": [264, 265, 266, 269], "excluded_lines": []}, "test_models_info_read_error": {"executed_lines": [274, 275, 276, 277, 278, 281, 282, 284, 285, 286], "summary": {"covered_lines": 10, "num_statements": 17, "percent_covered": 58.8235294117647, "percent_covered_display": "59", "missing_lines": 7, "excluded_lines": 0}, "missing_lines": [287, 288, 289, 292, 293, 294, 295], "excluded_lines": []}, "test_cors_allowed_origins": {"executed_lines": [300, 302, 303, 304, 305, 307, 308], "summary": {"covered_lines": 7, "num_statements": 7, "percent_covered": 100.0, "percent_covered_display": "100", "missing_lines": 0, "excluded_lines": 0}, "missing_lines": [], "excluded_lines": []}, "": {"executed_lines": [2, 3, 4, 5, 6, 7, 10, 12, 13, 14, 17, 18, 25, 26, 40, 41, 53, 54, 74, 85, 97, 111, 123, 133, 146, 162, 172, 183, 195, 207, 218, 227, 237, 252, 272, 298], "summary": {"covered_lines": 36, "num_statements": 36, "percent_covered": 100.0, "percent_covered_display": "100", "missing_lines": 0, "excluded_lines": 0}, "missing_lines": [], "excluded_lines": []}}, "classes": {"": {"executed_lines": [2, 3, 4, 5, 6, 7, 10, 12, 13, 14, 17, 18, 20, 21, 22, 25, 26, 27, 29, 30, 31, 33, 34, 35, 36, 37, 40, 41, 42, 43, 45, 46, 47, 48, 49, 50, 53, 54, 59, 60, 64, 65, 66, 69, 70, 71, 74, 75, 77, 78, 85, 86, 88, 90, 91, 97, 98, 100, 102, 103, 111, 112, 114, 116, 117, 123, 124, 125, 126, 127, 133, 134, 135, 136, 138, 139, 146, 147, 148, 150, 151, 154, 162, 163, 165, 166, 172, 173, 174, 176, 177, 183, 184, 185, 186, 188, 189, 195, 196, 198, 199, 200, 207, 208, 209, 210, 211, 218, 219, 220, 221, 222, 227, 228, 229, 230, 231, 237, 238, 240, 241, 243, 252, 254, 255, 256, 257, 258, 259, 261, 262, 263, 272, 274, 275, 276, 277, 278, 281, 282, 284, 285, 286, 298, 300, 302, 303, 304, 305, 307, 308], "summary": {"covered_lines": 151, "num_statements": 216, "percent_covered": 69.9074074074074, "percent_covered_display": "70", "missing_lines": 65, "excluded_lines": 0}, "missing_lines": [79, 80, 81, 82, 92, 93, 94, 104, 105, 106, 108, 118, 119, 120, 128, 129, 130, 140, 141, 142, 143, 155, 156, 157, 158, 159, 167, 168, 169, 178, 179, 180, 190, 191, 192, 201, 202, 203, 204, 212, 213, 214, 215, 223, 224, 232, 233, 234, 244, 245, 246, 247, 248, 249, 264, 265, 266, 269, 287, 288, 289, 292, 293, 294, 295], "excluded_lines": []}}}, "backend/__tests__/test_cache_manager.py": {"executed_lines": [1, 2, 3, 4, 7, 8, 9, 10, 11, 16, 17, 18, 20, 22, 23, 28, 29, 30, 32, 33, 38, 39, 40, 42, 47, 48, 49, 50, 52, 54, 59, 60, 61, 62, 64, 66, 71, 72, 73, 75, 80, 81, 82, 83, 85, 86, 91, 92, 93, 94, 96, 98, 103, 104, 105, 106, 111, 112, 113, 114, 116, 117, 122, 123, 124, 125, 127, 129, 134, 135, 136, 137, 142, 143, 145, 146, 147, 149, 150, 155, 156, 158, 159, 160, 162, 163, 168, 169, 171, 172, 173, 175, 180, 181, 182, 183, 185, 187, 188, 193, 194, 195, 196, 198, 200, 205, 206, 207, 209, 214, 215, 217, 218, 219, 221, 222, 223, 224, 225, 230, 231, 233, 234, 235, 237, 238, 239, 244, 245, 246, 247, 252, 253, 254, 255, 257, 262, 264, 265, 266, 267, 270, 271, 272, 273, 276, 277, 278, 279, 284, 285, 286, 287, 289, 294, 295, 296, 298, 300, 302, 303, 304, 305, 306], "summary": {"covered_lines": 164, "num_statements": 164, "percent_covered": 100.0, "percent_covered_display": "100", "missing_lines": 0, "excluded_lines": 0}, "missing_lines": [], "excluded_lines": [], "functions": {"mock_redis": {"executed_lines": [9, 10, 11], "summary": {"covered_lines": 3, "num_statements": 3, "percent_covered": 100.0, "percent_covered_display": "100", "missing_lines": 0, "excluded_lines": 0}, "missing_lines": [], "excluded_lines": []}, "test_connect_success": {"executed_lines": [18, 20, 22, 23], "summary": {"covered_lines": 4, "num_statements": 4, "percent_covered": 100.0, "percent_covered_display": "100", "missing_lines": 0, "excluded_lines": 0}, "missing_lines": [], "excluded_lines": []}, "test_connect_failure": {"executed_lines": [30, 32, 33], "summary": {"covered_lines": 3, "num_statements": 3, "percent_covered": 100.0, "percent_covered_display": "100", "missing_lines": 0, "excluded_lines": 0}, "missing_lines": [], "excluded_lines": []}, "test_get_disabled_cache": {"executed_lines": [39, 40, 42], "summary": {"covered_lines": 3, "num_statements": 3, "percent_covered": 100.0, "percent_covered_display": "100", "missing_lines": 0, "excluded_lines": 0}, "missing_lines": [], "excluded_lines": []}, "test_get_success": {"executed_lines": [48, 49, 50, 52, 54], "summary": {"covered_lines": 5, "num_statements": 5, "percent_covered": 100.0, "percent_covered_display": "100", "missing_lines": 0, "excluded_lines": 0}, "missing_lines": [], "excluded_lines": []}, "test_get_error": {"executed_lines": [60, 61, 62, 64, 66], "summary": {"covered_lines": 5, "num_statements": 5, "percent_covered": 100.0, "percent_covered_display": "100", "missing_lines": 0, "excluded_lines": 0}, "missing_lines": [], "excluded_lines": []}, "test_set_disabled": {"executed_lines": [72, 73, 75], "summary": {"covered_lines": 3, "num_statements": 3, "percent_covered": 100.0, "percent_covered_display": "100", "missing_lines": 0, "excluded_lines": 0}, "missing_lines": [], "excluded_lines": []}, "test_set_success": {"executed_lines": [81, 82, 83, 85, 86], "summary": {"covered_lines": 5, "num_statements": 5, "percent_covered": 100.0, "percent_covered_display": "100", "missing_lines": 0, "excluded_lines": 0}, "missing_lines": [], "excluded_lines": []}, "test_set_error": {"executed_lines": [92, 93, 94, 96, 98], "summary": {"covered_lines": 5, "num_statements": 5, "percent_covered": 100.0, "percent_covered_display": "100", "missing_lines": 0, "excluded_lines": 0}, "missing_lines": [], "excluded_lines": []}, "test_delete_disabled": {"executed_lines": [104, 105, 106], "summary": {"covered_lines": 3, "num_statements": 3, "percent_covered": 100.0, "percent_covered_display": "100", "missing_lines": 0, "excluded_lines": 0}, "missing_lines": [], "excluded_lines": []}, "test_delete_success": {"executed_lines": [112, 113, 114, 116, 117], "summary": {"covered_lines": 5, "num_statements": 5, "percent_covered": 100.0, "percent_covered_display": "100", "missing_lines": 0, "excluded_lines": 0}, "missing_lines": [], "excluded_lines": []}, "test_delete_error": {"executed_lines": [123, 124, 125, 127, 129], "summary": {"covered_lines": 5, "num_statements": 5, "percent_covered": 100.0, "percent_covered_display": "100", "missing_lines": 0, "excluded_lines": 0}, "missing_lines": [], "excluded_lines": []}, "test_delete_pattern_disabled": {"executed_lines": [135, 136, 137], "summary": {"covered_lines": 3, "num_statements": 3, "percent_covered": 100.0, "percent_covered_display": "100", "missing_lines": 0, "excluded_lines": 0}, "missing_lines": [], "excluded_lines": []}, "test_delete_pattern_success": {"executed_lines": [143, 145, 146, 147, 149, 150], "summary": {"covered_lines": 6, "num_statements": 6, "percent_covered": 100.0, "percent_covered_display": "100", "missing_lines": 0, "excluded_lines": 0}, "missing_lines": [], "excluded_lines": []}, "test_delete_pattern_no_keys": {"executed_lines": [156, 158, 159, 160, 162, 163], "summary": {"covered_lines": 6, "num_statements": 6, "percent_covered": 100.0, "percent_covered_display": "100", "missing_lines": 0, "excluded_lines": 0}, "missing_lines": [], "excluded_lines": []}, "test_delete_pattern_error": {"executed_lines": [169, 171, 172, 173, 175], "summary": {"covered_lines": 5, "num_statements": 5, "percent_covered": 100.0, "percent_covered_display": "100", "missing_lines": 0, "excluded_lines": 0}, "missing_lines": [], "excluded_lines": []}, "test_clear_user_cache": {"executed_lines": [181, 182, 183, 185, 187, 188], "summary": {"covered_lines": 6, "num_statements": 6, "percent_covered": 100.0, "percent_covered_display": "100", "missing_lines": 0, "excluded_lines": 0}, "missing_lines": [], "excluded_lines": []}, "test_clear_article_cache": {"executed_lines": [194, 195, 196, 198, 200], "summary": {"covered_lines": 5, "num_statements": 5, "percent_covered": 100.0, "percent_covered_display": "100", "missing_lines": 0, "excluded_lines": 0}, "missing_lines": [], "excluded_lines": []}, "test_stats_disabled": {"executed_lines": [206, 207, 209], "summary": {"covered_lines": 3, "num_statements": 3, "percent_covered": 100.0, "percent_covered_display": "100", "missing_lines": 0, "excluded_lines": 0}, "missing_lines": [], "excluded_lines": []}, "test_stats_success": {"executed_lines": [215, 217, 218, 219, 221, 222, 223, 224, 225], "summary": {"covered_lines": 9, "num_statements": 9, "percent_covered": 100.0, "percent_covered_display": "100", "missing_lines": 0, "excluded_lines": 0}, "missing_lines": [], "excluded_lines": []}, "test_stats_error": {"executed_lines": [231, 233, 234, 235, 237, 238, 239], "summary": {"covered_lines": 7, "num_statements": 7, "percent_covered": 100.0, "percent_covered_display": "100", "missing_lines": 0, "excluded_lines": 0}, "missing_lines": [], "excluded_lines": []}, "test_singleton": {"executed_lines": [245, 246, 247], "summary": {"covered_lines": 3, "num_statements": 3, "percent_covered": 100.0, "percent_covered_display": "100", "missing_lines": 0, "excluded_lines": 0}, "missing_lines": [], "excluded_lines": []}, "test_cached_decorator_hits_and_misses": {"executed_lines": [253, 254, 255, 257, 262, 264, 265, 270, 271, 272, 273, 276, 277, 278, 279], "summary": {"covered_lines": 15, "num_statements": 15, "percent_covered": 100.0, "percent_covered_display": "100", "missing_lines": 0, "excluded_lines": 0}, "missing_lines": [], "excluded_lines": []}, "test_cached_decorator_hits_and_misses.add": {"executed_lines": [266, 267], "summary": {"covered_lines": 2, "num_statements": 2, "percent_covered": 100.0, "percent_covered_display": "100", "missing_lines": 0, "excluded_lines": 0}, "missing_lines": [], "excluded_lines": []}, "test_cached_builds_key_correctly": {"executed_lines": [285, 286, 287, 289, 294, 295, 298, 300, 302, 303, 304, 305, 306], "summary": {"covered_lines": 13, "num_statements": 13, "percent_covered": 100.0, "percent_covered_display": "100", "missing_lines": 0, "excluded_lines": 0}, "missing_lines": [], "excluded_lines": []}, "test_cached_builds_key_correctly.multiply": {"executed_lines": [296], "summary": {"covered_lines": 1, "num_statements": 1, "percent_covered": 100.0, "percent_covered_display": "100", "missing_lines": 0, "excluded_lines": 0}, "missing_lines": [], "excluded_lines": []}, "": {"executed_lines": [1, 2, 3, 4, 7, 8, 16, 17, 28, 29, 38, 47, 59, 71, 80, 91, 103, 111, 122, 134, 142, 155, 168, 180, 193, 205, 214, 230, 244, 252, 284], "summary": {"covered_lines": 31, "num_statements": 31, "percent_covered": 100.0, "percent_covered_display": "100", "missing_lines": 0, "excluded_lines": 0}, "missing_lines": [], "excluded_lines": []}}, "classes": {"": {"executed_lines": [1, 2, 3, 4, 7, 8, 9, 10, 11, 16, 17, 18, 20, 22, 23, 28, 29, 30, 32, 33, 38, 39, 40, 42, 47, 48, 49, 50, 52, 54, 59, 60, 61, 62, 64, 66, 71, 72, 73, 75, 80, 81, 82, 83, 85, 86, 91, 92, 93, 94, 96, 98, 103, 104, 105, 106, 111, 112, 113, 114, 116, 117, 122, 123, 124, 125, 127, 129, 134, 135, 136, 137, 142, 143, 145, 146, 147, 149, 150, 155, 156, 158, 159, 160, 162, 163, 168, 169, 171, 172, 173, 175, 180, 181, 182, 183, 185, 187, 188, 193, 194, 195, 196, 198, 200, 205, 206, 207, 209, 214, 215, 217, 218, 219, 221, 222, 223, 224, 225, 230, 231, 233, 234, 235, 237, 238, 239, 244, 245, 246, 247, 252, 253, 254, 255, 257, 262, 264, 265, 266, 267, 270, 271, 272, 273, 276, 277, 278, 279, 284, 285, 286, 287, 289, 294, 295, 296, 298, 300, 302, 303, 304, 305, 306], "summary": {"covered_lines": 164, "num_statements": 164, "percent_covered": 100.0, "percent_covered_display": "100", "missing_lines": 0, "excluded_lines": 0}, "missing_lines": [], "excluded_lines": []}}}, "backend/__tests__/test_recommender_models.py": {"executed_lines": [1, 2, 3, 4, 5, 7, 8, 9, 11, 18, 19, 21, 29, 30, 32, 35, 36, 38, 41, 42, 44, 51, 52, 54, 61, 62, 64, 78, 84, 86, 87, 88, 91, 93, 94, 95, 99, 105, 107, 108, 110, 114, 120, 121, 122, 123, 124, 126, 127, 128, 132, 138, 139, 140, 141, 142, 144, 145, 149, 155, 156, 157, 158, 159, 161, 162, 166, 172, 173, 174, 175, 176, 178, 179, 183, 194, 195, 196, 197, 198, 199, 201, 202, 203, 204, 208, 218, 219, 220, 221, 222, 223, 225, 226, 230, 243, 244, 246, 247, 248, 250, 251, 252, 254, 255, 259, 265, 266, 269, 271, 272, 276, 282, 284, 285, 286, 287, 289, 291, 292, 294, 295, 299, 304, 307, 311, 312, 313, 314, 316, 317, 318, 323, 328, 331, 335, 336, 337, 338, 340, 341, 342, 347, 353, 354, 357, 363, 364, 365, 367, 370, 371, 375, 380, 381, 383, 384, 385, 387, 388, 389, 392, 393, 394, 398, 402, 403, 405, 406, 407, 408, 411, 412, 416, 421, 424, 426, 428, 429, 433, 438, 441, 444, 446, 447, 448, 449, 451, 454, 456, 460, 466, 469, 471, 473, 474, 475, 476, 478, 481, 483, 487, 493, 494, 495, 496, 498, 502, 507, 508, 509, 510, 511, 513, 514, 518, 524, 525, 527, 528, 530, 531, 535, 540, 541, 543, 544, 545, 546, 548, 552, 557, 558, 560, 561, 562, 563, 565, 569, 574, 575, 577, 578, 579, 580, 582, 583, 587, 592, 593, 595, 596, 597, 598, 600, 601, 605, 610, 611, 613, 614, 615, 616, 617, 618, 620, 621, 622, 626, 631, 632, 633, 634, 638, 643, 644, 646, 647, 650, 652, 654, 657, 661, 666, 667, 670, 671, 672, 674, 677, 678, 680, 681], "summary": {"covered_lines": 293, "num_statements": 297, "percent_covered": 98.65319865319866, "percent_covered_display": "99", "missing_lines": 4, "excluded_lines": 0}, "missing_lines": [308, 319, 332, 343], "excluded_lines": [], "functions": {"simple_article_metadata": {"executed_lines": [21], "summary": {"covered_lines": 1, "num_statements": 1, "percent_covered": 100.0, "percent_covered_display": "100", "missing_lines": 0, "excluded_lines": 0}, "missing_lines": [], "excluded_lines": []}, "simple_indices": {"executed_lines": [32], "summary": {"covered_lines": 1, "num_statements": 1, "percent_covered": 100.0, "percent_covered_display": "100", "missing_lines": 0, "excluded_lines": 0}, "missing_lines": [], "excluded_lines": []}, "simple_sig_matrix": {"executed_lines": [38], "summary": {"covered_lines": 1, "num_statements": 1, "percent_covered": 100.0, "percent_covered_display": "100", "missing_lines": 0, "excluded_lines": 0}, "missing_lines": [], "excluded_lines": []}, "simple_user_sim_matrix": {"executed_lines": [44], "summary": {"covered_lines": 1, "num_statements": 1, "percent_covered": 100.0, "percent_covered_display": "100", "missing_lines": 0, "excluded_lines": 0}, "missing_lines": [], "excluded_lines": []}, "simple_user_features": {"executed_lines": [54], "summary": {"covered_lines": 1, "num_statements": 1, "percent_covered": 100.0, "percent_covered_display": "100", "missing_lines": 0, "excluded_lines": 0}, "missing_lines": [], "excluded_lines": []}, "simple_article_features": {"executed_lines": [64], "summary": {"covered_lines": 1, "num_statements": 1, "percent_covered": 100.0, "percent_covered_display": "100", "missing_lines": 0, "excluded_lines": 0}, "missing_lines": [], "excluded_lines": []}, "test_load_models_success": {"executed_lines": [84, 86, 87, 88, 91, 93, 94, 95], "summary": {"covered_lines": 8, "num_statements": 8, "percent_covered": 100.0, "percent_covered_display": "100", "missing_lines": 0, "excluded_lines": 0}, "missing_lines": [], "excluded_lines": []}, "test_load_models_handles_exceptions": {"executed_lines": [105, 107, 108, 110], "summary": {"covered_lines": 4, "num_statements": 4, "percent_covered": 100.0, "percent_covered_display": "100", "missing_lines": 0, "excluded_lines": 0}, "missing_lines": [], "excluded_lines": []}, "test_get_similar_articles_basic": {"executed_lines": [120, 121, 122, 123, 124, 126, 127, 128], "summary": {"covered_lines": 8, "num_statements": 8, "percent_covered": 100.0, "percent_covered_display": "100", "missing_lines": 0, "excluded_lines": 0}, "missing_lines": [], "excluded_lines": []}, "test_get_similar_articles_article_not_found": {"executed_lines": [138, 139, 140, 141, 142, 144, 145], "summary": {"covered_lines": 7, "num_statements": 7, "percent_covered": 100.0, "percent_covered_display": "100", "missing_lines": 0, "excluded_lines": 0}, "missing_lines": [], "excluded_lines": []}, "test_get_similar_articles_with_exclude": {"executed_lines": [155, 156, 157, 158, 159, 161, 162], "summary": {"covered_lines": 7, "num_statements": 7, "percent_covered": 100.0, "percent_covered_display": "100", "missing_lines": 0, "excluded_lines": 0}, "missing_lines": [], "excluded_lines": []}, "test_get_collaborative_recommendations_user_not_found": {"executed_lines": [172, 173, 174, 175, 176, 178, 179], "summary": {"covered_lines": 7, "num_statements": 7, "percent_covered": 100.0, "percent_covered_display": "100", "missing_lines": 0, "excluded_lines": 0}, "missing_lines": [], "excluded_lines": []}, "test_get_collaborative_recommendations_basic": {"executed_lines": [194, 195, 196, 197, 198, 199, 201, 202, 203, 204], "summary": {"covered_lines": 10, "num_statements": 10, "percent_covered": 100.0, "percent_covered_display": "100", "missing_lines": 0, "excluded_lines": 0}, "missing_lines": [], "excluded_lines": []}, "test_get_collaborative_respects_exclude": {"executed_lines": [218, 219, 220, 221, 222, 223, 225, 226], "summary": {"covered_lines": 8, "num_statements": 8, "percent_covered": 100.0, "percent_covered_display": "100", "missing_lines": 0, "excluded_lines": 0}, "missing_lines": [], "excluded_lines": []}, "test_get_hybrid_recommendations_combination": {"executed_lines": [243, 244, 246, 247, 248, 250, 251, 252, 254, 255], "summary": {"covered_lines": 10, "num_statements": 10, "percent_covered": 100.0, "percent_covered_display": "100", "missing_lines": 0, "excluded_lines": 0}, "missing_lines": [], "excluded_lines": []}, "test_get_trending_articles_filters_by_time": {"executed_lines": [265, 266, 269, 271, 272], "summary": {"covered_lines": 5, "num_statements": 5, "percent_covered": 100.0, "percent_covered_display": "100", "missing_lines": 0, "excluded_lines": 0}, "missing_lines": [], "excluded_lines": []}, "test_singleton_monkeypatched_load": {"executed_lines": [282, 284, 289, 291, 292, 294, 295], "summary": {"covered_lines": 7, "num_statements": 7, "percent_covered": 100.0, "percent_covered_display": "100", "missing_lines": 0, "excluded_lines": 0}, "missing_lines": [], "excluded_lines": []}, "test_singleton_monkeypatched_load.fake_load": {"executed_lines": [285, 286, 287], "summary": {"covered_lines": 3, "num_statements": 3, "percent_covered": 100.0, "percent_covered_display": "100", "missing_lines": 0, "excluded_lines": 0}, "missing_lines": [], "excluded_lines": []}, "test_load_models_only_content": {"executed_lines": [304, 307, 311, 312, 313, 314, 316, 317, 318], "summary": {"covered_lines": 9, "num_statements": 10, "percent_covered": 90.0, "percent_covered_display": "90", "missing_lines": 1, "excluded_lines": 0}, "missing_lines": [319], "excluded_lines": []}, "test_load_models_only_content.fake_exists": {"executed_lines": [], "summary": {"covered_lines": 0, "num_statements": 1, "percent_covered": 0.0, "percent_covered_display": "0", "missing_lines": 1, "excluded_lines": 0}, "missing_lines": [308], "excluded_lines": []}, "test_load_models_only_collab": {"executed_lines": [328, 331, 335, 336, 337, 338, 340, 341, 342], "summary": {"covered_lines": 9, "num_statements": 10, "percent_covered": 90.0, "percent_covered_display": "90", "missing_lines": 1, "excluded_lines": 0}, "missing_lines": [343], "excluded_lines": []}, "test_load_models_only_collab.fake_exists": {"executed_lines": [], "summary": {"covered_lines": 0, "num_statements": 1, "percent_covered": 0.0, "percent_covered_display": "0", "missing_lines": 1, "excluded_lines": 0}, "missing_lines": [332], "excluded_lines": []}, "test_collab_no_similar_users": {"executed_lines": [353, 354, 357, 363, 364, 365, 367, 370, 371], "summary": {"covered_lines": 9, "num_statements": 9, "percent_covered": 100.0, "percent_covered_display": "100", "missing_lines": 0, "excluded_lines": 0}, "missing_lines": [], "excluded_lines": []}, "test_hybrid_duplicate_scores": {"executed_lines": [380, 381, 383, 384, 385, 387, 388, 389, 392, 393, 394], "summary": {"covered_lines": 11, "num_statements": 11, "percent_covered": 100.0, "percent_covered_display": "100", "missing_lines": 0, "excluded_lines": 0}, "missing_lines": [], "excluded_lines": []}, "test_hybrid_no_recent_articles": {"executed_lines": [402, 403, 405, 406, 407, 408, 411, 412], "summary": {"covered_lines": 8, "num_statements": 8, "percent_covered": 100.0, "percent_covered_display": "100", "missing_lines": 0, "excluded_lines": 0}, "missing_lines": [], "excluded_lines": []}, "test_trending_articles_exception": {"executed_lines": [421, 424, 426, 428, 429], "summary": {"covered_lines": 5, "num_statements": 5, "percent_covered": 100.0, "percent_covered_display": "100", "missing_lines": 0, "excluded_lines": 0}, "missing_lines": [], "excluded_lines": []}, "test_load_models_called_when_not_loaded": {"executed_lines": [438, 441, 444, 446, 451, 454, 456], "summary": {"covered_lines": 7, "num_statements": 7, "percent_covered": 100.0, "percent_covered_display": "100", "missing_lines": 0, "excluded_lines": 0}, "missing_lines": [], "excluded_lines": []}, "test_load_models_called_when_not_loaded.fake_load_models": {"executed_lines": [447, 448, 449], "summary": {"covered_lines": 3, "num_statements": 3, "percent_covered": 100.0, "percent_covered_display": "100", "missing_lines": 0, "excluded_lines": 0}, "missing_lines": [], "excluded_lines": []}, "test_auto_load_models_branch": {"executed_lines": [466, 469, 471, 473, 478, 481, 483], "summary": {"covered_lines": 7, "num_statements": 7, "percent_covered": 100.0, "percent_covered_display": "100", "missing_lines": 0, "excluded_lines": 0}, "missing_lines": [], "excluded_lines": []}, "test_auto_load_models_branch.fake_load": {"executed_lines": [474, 475, 476], "summary": {"covered_lines": 3, "num_statements": 3, "percent_covered": 100.0, "percent_covered_display": "100", "missing_lines": 0, "excluded_lines": 0}, "missing_lines": [], "excluded_lines": []}, "test_similar_articles_no_models": {"executed_lines": [493, 494, 495, 496, 498], "summary": {"covered_lines": 5, "num_statements": 5, "percent_covered": 100.0, "percent_covered_display": "100", "missing_lines": 0, "excluded_lines": 0}, "missing_lines": [], "excluded_lines": []}, "test_similar_articles_article_not_found": {"executed_lines": [507, 508, 509, 510, 511, 513, 514], "summary": {"covered_lines": 7, "num_statements": 7, "percent_covered": 100.0, "percent_covered_display": "100", "missing_lines": 0, "excluded_lines": 0}, "missing_lines": [], "excluded_lines": []}, "test_similar_articles_exception": {"executed_lines": [524, 525, 527, 528, 530, 531], "summary": {"covered_lines": 6, "num_statements": 6, "percent_covered": 100.0, "percent_covered_display": "100", "missing_lines": 0, "excluded_lines": 0}, "missing_lines": [], "excluded_lines": []}, "test_collab_user_not_in_matrix": {"executed_lines": [540, 541, 543, 544, 545, 546, 548], "summary": {"covered_lines": 7, "num_statements": 7, "percent_covered": 100.0, "percent_covered_display": "100", "missing_lines": 0, "excluded_lines": 0}, "missing_lines": [], "excluded_lines": []}, "test_collab_similar_users_empty": {"executed_lines": [557, 558, 560, 561, 562, 563, 565], "summary": {"covered_lines": 7, "num_statements": 7, "percent_covered": 100.0, "percent_covered_display": "100", "missing_lines": 0, "excluded_lines": 0}, "missing_lines": [], "excluded_lines": []}, "test_collab_exclude_ids": {"executed_lines": [574, 575, 577, 578, 579, 580, 582, 583], "summary": {"covered_lines": 8, "num_statements": 8, "percent_covered": 100.0, "percent_covered_display": "100", "missing_lines": 0, "excluded_lines": 0}, "missing_lines": [], "excluded_lines": []}, "test_hybrid_recent_empty_list": {"executed_lines": [592, 593, 595, 596, 597, 598, 600, 601], "summary": {"covered_lines": 8, "num_statements": 8, "percent_covered": 100.0, "percent_covered_display": "100", "missing_lines": 0, "excluded_lines": 0}, "missing_lines": [], "excluded_lines": []}, "test_hybrid_duplicate_articles_merge": {"executed_lines": [610, 611, 613, 614, 615, 616, 617, 618, 620, 621, 622], "summary": {"covered_lines": 11, "num_statements": 11, "percent_covered": 100.0, "percent_covered_display": "100", "missing_lines": 0, "excluded_lines": 0}, "missing_lines": [], "excluded_lines": []}, "test_trending_no_metadata": {"executed_lines": [631, 632, 633, 634], "summary": {"covered_lines": 4, "num_statements": 4, "percent_covered": 100.0, "percent_covered_display": "100", "missing_lines": 0, "excluded_lines": 0}, "missing_lines": [], "excluded_lines": []}, "test_collab_exception_branch": {"executed_lines": [643, 644, 646, 647, 650, 652, 654, 657], "summary": {"covered_lines": 8, "num_statements": 8, "percent_covered": 100.0, "percent_covered_display": "100", "missing_lines": 0, "excluded_lines": 0}, "missing_lines": [], "excluded_lines": []}, "test_collab_auto_load_but_models_missing": {"executed_lines": [666, 667, 670, 674, 677, 678, 680, 681], "summary": {"covered_lines": 8, "num_statements": 8, "percent_covered": 100.0, "percent_covered_display": "100", "missing_lines": 0, "excluded_lines": 0}, "missing_lines": [], "excluded_lines": []}, "test_collab_auto_load_but_models_missing.fake_load": {"executed_lines": [671, 672], "summary": {"covered_lines": 2, "num_statements": 2, "percent_covered": 100.0, "percent_covered_display": "100", "missing_lines": 0, "excluded_lines": 0}, "missing_lines": [], "excluded_lines": []}, "": {"executed_lines": [1, 2, 3, 4, 5, 7, 8, 9, 11, 18, 19, 29, 30, 35, 36, 41, 42, 51, 52, 61, 62, 78, 99, 114, 132, 149, 166, 183, 208, 230, 259, 276, 299, 323, 347, 375, 398, 416, 433, 460, 487, 502, 518, 535, 552, 569, 587, 605, 626, 638, 661], "summary": {"covered_lines": 51, "num_statements": 51, "percent_covered": 100.0, "percent_covered_display": "100", "missing_lines": 0, "excluded_lines": 0}, "missing_lines": [], "excluded_lines": []}}, "classes": {"": {"executed_lines": [1, 2, 3, 4, 5, 7, 8, 9, 11, 18, 19, 21, 29, 30, 32, 35, 36, 38, 41, 42, 44, 51, 52, 54, 61, 62, 64, 78, 84, 86, 87, 88, 91, 93, 94, 95, 99, 105, 107, 108, 110, 114, 120, 121, 122, 123, 124, 126, 127, 128, 132, 138, 139, 140, 141, 142, 144, 145, 149, 155, 156, 157, 158, 159, 161, 162, 166, 172, 173, 174, 175, 176, 178, 179, 183, 194, 195, 196, 197, 198, 199, 201, 202, 203, 204, 208, 218, 219, 220, 221, 222, 223, 225, 226, 230, 243, 244, 246, 247, 248, 250, 251, 252, 254, 255, 259, 265, 266, 269, 271, 272, 276, 282, 284, 285, 286, 287, 289, 291, 292, 294, 295, 299, 304, 307, 311, 312, 313, 314, 316, 317, 318, 323, 328, 331, 335, 336, 337, 338, 340, 341, 342, 347, 353, 354, 357, 363, 364, 365, 367, 370, 371, 375, 380, 381, 383, 384, 385, 387, 388, 389, 392, 393, 394, 398, 402, 403, 405, 406, 407, 408, 411, 412, 416, 421, 424, 426, 428, 429, 433, 438, 441, 444, 446, 447, 448, 449, 451, 454, 456, 460, 466, 469, 471, 473, 474, 475, 476, 478, 481, 483, 487, 493, 494, 495, 496, 498, 502, 507, 508, 509, 510, 511, 513, 514, 518, 524, 525, 527, 528, 530, 531, 535, 540, 541, 543, 544, 545, 546, 548, 552, 557, 558, 560, 561, 562, 563, 565, 569, 574, 575, 577, 578, 579, 580, 582, 583, 587, 592, 593, 595, 596, 597, 598, 600, 601, 605, 610, 611, 613, 614, 615, 616, 617, 618, 620, 621, 622, 626, 631, 632, 633, 634, 638, 643, 644, 646, 647, 650, 652, 654, 657, 661, 666, 667, 670, 671, 672, 674, 677, 678, 680, 681], "summary": {"covered_lines": 293, "num_statements": 297, "percent_covered": 98.65319865319866, "percent_covered_display": "99", "missing_lines": 4, "excluded_lines": 0}, "missing_lines": [308, 319, 332, 343], "excluded_lines": []}}}, "backend/__tests__/test_setup.py": {"executed_lines": [1, 2], "summary": {"covered_lines": 2, "num_statements": 2, "percent_covered": 100.0, "percent_covered_display": "100", "missing_lines": 0, "excluded_lines": 0}, "missing_lines": [], "excluded_lines": [], "functions": {"test_pytest_setup": {"executed_lines": [2], "summary": {"covered_lines": 1, "num_statements": 1, "percent_covered": 100.0, "percent_covered_display": "100", "missing_lines": 0, "excluded_lines": 0}, "missing_lines": [], "excluded_lines": []}, "": {"executed_lines": [1], "summary": {"covered_lines": 1, "num_statements": 1, "percent_covered": 100.0, "percent_covered_display": "100", "missing_lines": 0, "excluded_lines": 0}, "missing_lines": [], "excluded_lines": []}}, "classes": {"": {"executed_lines": [1, 2], "summary": {"covered_lines": 2, "num_statements": 2, "percent_covered": 100.0, "percent_covered_display": "100", "missing_lines": 0, "excluded_lines": 0}, "missing_lines": [], "excluded_lines": []}}}}, "totals": {"covered_lines": 896, "num_statements": 1367, "percent_covered": 65.54498902706656, "percent_covered_display": "66", "missing_lines": 471, "excluded_lines": 1}}